  player.cpp
C:\Users\Admin\Desktop\GameBB\DemoGame\player.cpp(20,38): warning C4244: 'argument': conversion from 'int' to 'T', possible loss of data
          with
          [
              T=float
          ]
C:\Users\Admin\Desktop\GameBB\DemoGame\player.cpp(20,32): warning C4244: 'argument': conversion from 'int' to 'T', possible loss of data
          with
          [
              T=float
          ]
C:\Users\Admin\Desktop\GameBB\DemoGame\player.cpp(26,33): warning C4244: '-=': conversion from 'float' to 'int', possible loss of data
C:\Users\Admin\Desktop\GameBB\DemoGame\player.cpp(33,33): warning C4244: '+=': conversion from 'float' to 'int', possible loss of data
C:\Users\Admin\Desktop\GameBB\DemoGame\player.cpp(41,33): warning C4244: '-=': conversion from 'float' to 'int', possible loss of data
C:\Users\Admin\Desktop\GameBB\DemoGame\player.cpp(49,33): warning C4244: '+=': conversion from 'float' to 'int', possible loss of data
C:\Users\Admin\Desktop\GameBB\DemoGame\player.cpp(56,33): warning C4244: 'argument': conversion from 'int' to 'T', possible loss of data
          with
          [
              T=float
          ]
C:\Users\Admin\Desktop\GameBB\DemoGame\player.cpp(56,27): warning C4244: 'argument': conversion from 'int' to 'T', possible loss of data
          with
          [
              T=float
          ]
C:\Users\Admin\Desktop\GameBB\DemoGame\player.cpp(90,18): warning C4244: '=': conversion from 'T' to 'int', possible loss of data
          with
          [
              T=float
          ]
C:\Users\Admin\Desktop\GameBB\DemoGame\player.cpp(91,18): warning C4244: '=': conversion from 'T' to 'int', possible loss of data
          with
          [
              T=float
          ]
C:\Users\Admin\Desktop\GameBB\DemoGame\player.cpp(94,38): warning C4244: 'argument': conversion from 'int' to 'T', possible loss of data
          with
          [
              T=float
          ]
C:\Users\Admin\Desktop\GameBB\DemoGame\player.cpp(94,32): warning C4244: 'argument': conversion from 'int' to 'T', possible loss of data
          with
          [
              T=float
          ]
C:\Users\Admin\Desktop\GameBB\DemoGame\player.cpp(104,44): warning C4244: 'argument': conversion from 'int' to 'T', possible loss of data
          with
          [
              T=float
          ]
C:\Users\Admin\Desktop\GameBB\DemoGame\player.cpp(104,38): warning C4244: 'argument': conversion from 'int' to 'T', possible loss of data
          with
          [
              T=float
          ]
  Generating code
  2 of 383 functions ( 0.5%) were compiled, the rest were copied from previous compilation.
    0 functions were new in current compilation
    1 functions had inline decision re-evaluated but remain unchanged
  Finished generating code
  DemoGame.vcxproj -> C:\Users\Admin\Desktop\GameBB\DemoGame\x64\Release\DemoGame.exe
