c:\users\admin\desktop\gamebb\demogame\x64\debug\vc143.pdb
c:\users\admin\desktop\gamebb\demogame\x64\debug\vc143.idb
c:\users\admin\desktop\gamebb\demogame\x64\debug\setting.obj
c:\users\admin\desktop\gamebb\demogame\x64\debug\game.obj
c:\users\admin\desktop\gamebb\demogame\x64\debug\level.obj
c:\users\admin\desktop\gamebb\demogame\x64\debug\main.obj
c:\users\admin\desktop\gamebb\demogame\x64\debug\collisionmanager.obj
c:\users\admin\desktop\gamebb\demogame\x64\debug\demogame.exe
c:\users\admin\desktop\gamebb\demogame\x64\debug\demogame.ilk
c:\users\admin\desktop\gamebb\demogame\x64\debug\demogame.pdb
c:\users\admin\desktop\gamebb\demogame\x64\debug\demogame.tlog\cl.command.1.tlog
c:\users\admin\desktop\gamebb\demogame\x64\debug\demogame.tlog\cl.items.tlog
c:\users\admin\desktop\gamebb\demogame\x64\debug\demogame.tlog\cl.read.1.tlog
c:\users\admin\desktop\gamebb\demogame\x64\debug\demogame.tlog\cl.write.1.tlog
c:\users\admin\desktop\gamebb\demogame\x64\debug\demogame.tlog\link-cvtres.read.1.tlog
c:\users\admin\desktop\gamebb\demogame\x64\debug\demogame.tlog\link-cvtres.write.1.tlog
c:\users\admin\desktop\gamebb\demogame\x64\debug\demogame.tlog\link-rc.read.1.tlog
c:\users\admin\desktop\gamebb\demogame\x64\debug\demogame.tlog\link-rc.write.1.tlog
c:\users\admin\desktop\gamebb\demogame\x64\debug\demogame.tlog\link.13840-cvtres.read.1.tlog
c:\users\admin\desktop\gamebb\demogame\x64\debug\demogame.tlog\link.13840-cvtres.write.1.tlog
c:\users\admin\desktop\gamebb\demogame\x64\debug\demogame.tlog\link.13840-rc.read.1.tlog
c:\users\admin\desktop\gamebb\demogame\x64\debug\demogame.tlog\link.13840-rc.write.1.tlog
c:\users\admin\desktop\gamebb\demogame\x64\debug\demogame.tlog\link.13840.read.1.tlog
c:\users\admin\desktop\gamebb\demogame\x64\debug\demogame.tlog\link.13840.read.2.tlog
c:\users\admin\desktop\gamebb\demogame\x64\debug\demogame.tlog\link.13840.write.1.tlog
c:\users\admin\desktop\gamebb\demogame\x64\debug\demogame.tlog\link.command.1.tlog
c:\users\admin\desktop\gamebb\demogame\x64\debug\demogame.tlog\link.read.1.tlog
c:\users\admin\desktop\gamebb\demogame\x64\debug\demogame.tlog\link.read.2.tlog
c:\users\admin\desktop\gamebb\demogame\x64\debug\demogame.tlog\link.write.1.tlog
